
ðŸš€ ðŸš€ ðŸš€ ðŸš€ ðŸš€ ðŸš€ ðŸš€ ðŸš€ ðŸš€ ðŸš€ ðŸš€ ðŸš€ ðŸš€ ðŸš€ ðŸš€ ðŸš€ ðŸš€ ðŸš€ ðŸš€ ðŸš€ 
COMPLETE 10-CHAPTER WORKFLOW TEST
ðŸš€ ðŸš€ ðŸš€ ðŸš€ ðŸš€ ðŸš€ ðŸš€ ðŸš€ ðŸš€ ðŸš€ ðŸš€ ðŸš€ ðŸš€ ðŸš€ ðŸš€ ðŸš€ ðŸš€ ðŸš€ ðŸš€ ðŸš€ 

Project: Ten_Chapter_Novel
Genre: science fiction
Chapters: 10
Output: output/ten_chapter_novel.yw7

================================================================================
STEP 1: Story Planning
================================================================================
âœ“ Project initialized
Running Story Planner...
2025-11-07 15:22:29,856 - WARNING - Error initializing trace batch: HTTPSConnectionPool(host='app.crewai.com', port=443): Max retries exceeded with url: /crewai_plus/api/v1/tracing/ephemeral/batches (Caused by NameResolutionError("<urllib3.connection.HTTPSConnection object at 0x7eb22c00e5d0>: Failed to resolve 'app.crewai.com' ([Errno -3] Temporary failure in name resolution)")). Continuing without tracing.
â•­â”€â”€â”€â”€â”€â”€â”€â”€â”€â”€â”€â”€â”€â”€â”€â”€â”€â”€â”€â”€â”€â”€â”€â”€â”€â”€â”€ Crew Execution Started â”€â”€â”€â”€â”€â”€â”€â”€â”€â”€â”€â”€â”€â”€â”€â”€â”€â”€â”€â”€â”€â”€â”€â”€â”€â”€â”€â•®
â”‚                                                                              â”‚
â”‚  Crew Execution Started                                                      â”‚
â”‚  Name: crew                                                                  â”‚
â”‚  ID: 0d96526f-4ed5-4044-88e0-43f8bc21da94                                    â”‚
â”‚  Tool Args:                                                                  â”‚
â”‚                                                                              â”‚
â”‚                                                                              â”‚
â•°â”€â”€â”€â”€â”€â”€â”€â”€â”€â”€â”€â”€â”€â”€â”€â”€â”€â”€â”€â”€â”€â”€â”€â”€â”€â”€â”€â”€â”€â”€â”€â”€â”€â”€â”€â”€â”€â”€â”€â”€â”€â”€â”€â”€â”€â”€â”€â”€â”€â”€â”€â”€â”€â”€â”€â”€â”€â”€â”€â”€â”€â”€â”€â”€â”€â”€â”€â”€â”€â”€â”€â”€â”€â”€â”€â”€â”€â”€â•¯

[92m15:22:29 - LiteLLM:INFO[0m: utils.py:3421 - 
LiteLLM completion() model= llama-3.3-70b-versatile; provider = groq
ðŸš€ Crew: crew
â””â”€â”€ ðŸ“‹ Task: 8c66441b-1461-4ebf-97ef-72fafe1621d1
    Status: Executing Task...2025-11-07 15:22:29,884 - INFO - 
LiteLLM completion() model= llama-3.3-70b-versatile; provider = groq
â•­â”€â”€â”€â”€â”€â”€â”€â”€â”€â”€â”€â”€â”€â”€â”€â”€â”€â”€â”€â”€â”€â”€â”€â”€â”€â”€â”€â”€â”€â”€ ðŸ¤– Agent Started â”€â”€â”€â”€â”€â”€â”€â”€â”€â”€â”€â”€â”€â”€â”€â”€â”€â”€â”€â”€â”€â”€â”€â”€â”€â”€â”€â”€â”€â”€â•®
â”‚                                                                              â”‚
â”‚  Agent: Story Architect & Narrative Designer                                 â”‚
â”‚                                                                              â”‚
â”‚  Task: Create a compelling science fiction story arc for a 10-chapter        â”‚
â”‚  novel.                                                                      â”‚
â”‚                                                                              â”‚
â”‚          Requirements:                                                       â”‚
â”‚          - Complete three-act structure                                      â”‚
â”‚          - Clear beginning (setup), middle (confrontation), and end          â”‚
â”‚  (resolution)                                                                â”‚
â”‚          - Protagonist with clear goal and character arc                     â”‚
â”‚          - Antagonist with believable motivation                             â”‚
â”‚          - Rising tension and stakes throughout                              â”‚
â”‚          - Satisfying conclusion                                             â”‚
â”‚                                                                              â”‚
â”‚          Include:                                                            â”‚
â”‚          - Overall story premise and themes                                  â”‚
â”‚          - Character arcs (protagonist, antagonist, 2-3 supporting           â”‚
â”‚  characters)                                                                 â”‚
â”‚          - Key plot points for each act                                      â”‚
â”‚          - Chapter-by-chapter progression showing how story builds           â”‚
â”‚          - Thematic elements                                                 â”‚
â”‚                                                                              â”‚
â”‚          Ensure the story has proper progression from chapter 1 through 10   â”‚
â”‚  with a complete narrative arc.                                              â”‚
â”‚                                                                              â”‚
â•°â”€â”€â”€â”€â”€â”€â”€â”€â”€â”€â”€â”€â”€â”€â”€â”€â”€â”€â”€â”€â”€â”€â”€â”€â”€â”€â”€â”€â”€â”€â”€â”€â”€â”€â”€â”€â”€â”€â”€â”€â”€â”€â”€â”€â”€â”€â”€â”€â”€â”€â”€â”€â”€â”€â”€â”€â”€â”€â”€â”€â”€â”€â”€â”€â”€â”€â”€â”€â”€â”€â”€â”€â”€â”€â”€â”€â”€â”€â•¯


[92m15:22:32 - LiteLLM:INFO[0m: utils.py:1302 - Wrapper: Completed Call, calling success_handler
2025-11-07 15:22:32,676 - INFO - Wrapper: Completed Call, calling success_handler
ðŸš€ Crew: crew
â””â”€â”€ ðŸ“‹ Task: 8c66441b-1461-4ebf-97ef-72fafe1621d1
    Assigned to: Story Architect & Narrative Designer
    Status: âœ… Completedâ•­â”€â”€â”€â”€â”€â”€â”€â”€â”€â”€â”€â”€â”€â”€â”€â”€â”€â”€â”€â”€â”€â”€â”€â”€â”€â”€â”€ âœ… Agent Final Answer â”€â”€â”€â”€â”€â”€â”€â”€â”€â”€â”€â”€â”€â”€â”€â”€â”€â”€â”€â”€â”€â”€â”€â”€â”€â”€â”€â”€â•®
â”‚                                                                              â”‚
â”‚  Agent: Story Architect & Narrative Designer                                 â”‚
â”‚                                                                              â”‚
â”‚  Final Answer:                                                               â”‚
â”‚  In the science fiction novel, "Echoes of Eternity," humanity has colonized  â”‚
â”‚  several planets in the distant reaches of the galaxy. The story follows     â”‚
â”‚  Captain Jaxon Lee, a skilled space explorer, as he uncovers a mysterious    â”‚
â”‚  alien artifact that holds the key to unlocking the secrets of the           â”‚
â”‚  universe. The artifact, known as the "Eternity Crystal," has the power to   â”‚
â”‚  manipulate time and space, and Jaxon soon discovers that he is not the      â”‚
â”‚  only one searching for it.                                                  â”‚
â”‚                                                                              â”‚
â”‚  **Overall Story Premise and Themes:**                                       â”‚
â”‚  The novel explores the themes of time, space, and the consequences of       â”‚
â”‚  playing with the fundamental fabric of the universe. As Jaxon navigates     â”‚
â”‚  the complexities of the Eternity Crystal, he must confront his own          â”‚
â”‚  mortality and the true nature of reality. The story raises questions about  â”‚
â”‚  the responsibility that comes with advanced technology and the dangers of   â”‚
â”‚  unchecked power.                                                            â”‚
â”‚                                                                              â”‚
â”‚  **Character Arcs:**                                                         â”‚
â”‚                                                                              â”‚
â”‚  * **Protagonist (Captain Jaxon Lee):** Jaxon begins as a confident and      â”‚
â”‚  skilled space explorer, but as he delves deeper into the mysteries of the   â”‚
â”‚  Eternity Crystal, he is forced to confront his own limitations and the      â”‚
â”‚  consequences of his actions. Throughout the novel, Jaxon undergoes a        â”‚
â”‚  significant character arc, transforming from a self-centered individual to  â”‚
â”‚  a hero who puts the needs of others before his own.                         â”‚
â”‚  * **Antagonist (Commander Sarah Patel):** Commander Patel is a ruthless     â”‚
â”‚  and cunning military officer who will stop at nothing to claim the          â”‚
â”‚  Eternity Crystal for herself. Her motivation stems from a desire to use     â”‚
â”‚  the crystal's power to prevent a catastrophic event that will destroy       â”‚
â”‚  entire galaxies. As the story progresses, Patel's true intentions are       â”‚
â”‚  revealed, and Jaxon must confront the moral implications of her actions.    â”‚
â”‚  * **Supporting Characters:**                                                â”‚
â”‚          + **Dr. Sophia Rodriguez:** A brilliant scientist who helps Jaxon   â”‚
â”‚  understand the properties of the Eternity Crystal. Sophia's character arc   â”‚
â”‚  revolves around her growing unease with the crystal's power and her         â”‚
â”‚  ultimate decision to help Jaxon stop Commander Patel.                       â”‚
â”‚          + **Lieutenant Tom Bradley:** A young and ambitious pilot who       â”‚
â”‚  becomes Jaxon's ally in the quest to stop Commander Patel. Tom's character  â”‚
â”‚  arc focuses on his growth from a novice pilot to a confident and skilled    â”‚
â”‚  officer.                                                                    â”‚
â”‚          + **Ambassador Zorvath:** A mysterious alien diplomat who           â”‚
â”‚  possesses knowledge about the Eternity Crystal and its origins. Zorvath's   â”‚
â”‚  character arc involves his gradual reveal of the crystal's secrets and his  â”‚
â”‚  ultimate role in the story's conclusion.                                    â”‚
â”‚                                                                              â”‚
â”‚  **Key Plot Points for Each Act:**                                           â”‚
â”‚                                                                              â”‚
â”‚  * **Act 1 (Chapters 1-3):**                                                 â”‚
â”‚          + Introduction to Captain Jaxon Lee and his crew                    â”‚
â”‚          + Discovery of the Eternity Crystal on a remote planet              â”‚
â”‚          + Initial confrontation with Commander Patel and her team           â”‚
â”‚  * **Act 2 (Chapters 4-6):**                                                 â”‚
â”‚          + Jaxon and his crew escape from Commander Patel's forces           â”‚
â”‚          + They meet Dr. Sophia Rodriguez, who helps them understand the     â”‚
â”‚  crystal's properties                                                        â”‚
â”‚          + Lieutenant Tom Bradley joins Jaxon's crew, and they embark on a   â”‚
â”‚  perilous journey to stop Commander Patel                                    â”‚
â”‚  * **Act 3 (Chapters 7-10):**                                                â”‚
â”‚          + Jaxon and his crew launch a final assault on Commander Patel's    â”‚
â”‚  ship                                                                        â”‚
â”‚          + Ambassador Zorvath reveals the truth about the Eternity Crystal   â”‚
â”‚  and its origins                                                             â”‚
â”‚          + Jaxon confronts Commander Patel in a climactic battle, and the    â”‚
â”‚  fate of the galaxy is decided                                               â”‚
â”‚                                                                              â”‚
â”‚  **Chapter-by-Chapter Progression:**                                         â”‚
â”‚                                                                              â”‚
â”‚  * **Chapter 1:** Introduction to Captain Jaxon Lee and his crew as they     â”‚
â”‚  explore a remote planet.                                                    â”‚
â”‚  * **Chapter 2:** The crew discovers the Eternity Crystal, and Commander     â”‚
â”‚  Patel's team arrives to claim it.                                           â”‚
â”‚  * **Chapter 3:** Jaxon and his crew escape from Commander Patel's forces,   â”‚
â”‚  but not without sustaining significant damage to their ship.                â”‚
â”‚  * **Chapter 4:** Jaxon meets Dr. Sophia Rodriguez, who begins to unravel    â”‚
â”‚  the secrets of the Eternity Crystal.                                        â”‚
â”‚  * **Chapter 5:** Lieutenant Tom Bradley joins Jaxon's crew, and they        â”‚
â”‚  embark on a perilous journey to stop Commander Patel.                       â”‚
â”‚  * **Chapter 6:** Jaxon and his crew encounter numerous obstacles,           â”‚
â”‚  including treacherous asteroid fields and hostile alien creatures.          â”‚
â”‚  * **Chapter 7:** Ambassador Zorvath reveals the truth about the Eternity    â”‚
â”‚  Crystal and its origins, and Jaxon begins to understand the true nature of  â”‚
â”‚  the artifact.                                                               â”‚
â”‚  * **Chapter 8:** Jaxon and his crew launch a final assault on Commander     â”‚
â”‚  Patel's ship, but they are met with fierce resistance.                      â”‚
â”‚  * **Chapter 9:** Jaxon confronts Commander Patel in a climactic battle,     â”‚
â”‚  and the fate of the galaxy hangs in the balance.                            â”‚
â”‚  * **Chapter 10:** The aftermath of the battle is revealed, and Jaxon must   â”‚
â”‚  come to terms with the consequences of his actions. The novel concludes     â”‚
â”‚  with a sense of closure and a new beginning for the characters.             â”‚
â”‚                                                                              â”‚
â”‚  **Thematic Elements:**                                                      â”‚
â”‚                                                                              â”‚
â”‚  * **Time and Space:** The Eternity Crystal's power to manipulate time and   â”‚
â”‚  space raises questions about the nature of reality and the consequences of  â”‚
â”‚  playing with the fundamental fabric of the universe.                        â”‚
â”‚  * **Power and Responsibility:** Commander Patel's ruthless pursuit of the   â”‚
â”‚  Eternity Crystal serves as a cautionary tale about the dangers of           â”‚
â”‚  unchecked power and the importance of responsibility.                       â”‚
â”‚  * **Mortality and Legacy:** Jaxon's character arc involves his              â”‚
â”‚  confrontation with his own mortality and the true nature of reality,        â”‚
â”‚  leading him to reevaluate his priorities and consider the legacy he wants   â”‚
â”‚  to leave behind.                                                            â”‚
â”‚                                                                              â”‚
â”‚  The story arc of "Echoes of Eternity" is a complete and compelling          â”‚
â”‚  narrative that explores the themes of time, space, and power. The           â”‚
â”‚  character arcs of Jaxon, Commander Patel, and the supporting characters     â”‚
â”‚  drive the plot forward, and the rising tension and stakes throughout the    â”‚
â”‚  novel culminate in a satisfying conclusion.                                 â”‚
â”‚                                                                              â”‚
â•°â”€â”€â”€â”€â”€â”€â”€â”€â”€â”€â”€â”€â”€â”€â”€â”€â”€â”€â”€â”€â”€â”€â”€â”€â”€â”€â”€â”€â”€â”€â”€â”€â”€â”€â”€â”€â”€â”€â”€â”€â”€â”€â”€â”€â”€â”€â”€â”€â”€â”€â”€â”€â”€â”€â”€â”€â”€â”€â”€â”€â”€â”€â”€â”€â”€â”€â”€â”€â”€â”€â”€â”€â”€â”€â”€â”€â”€â”€â•¯

â•­â”€â”€â”€â”€â”€â”€â”€â”€â”€â”€â”€â”€â”€â”€â”€â”€â”€â”€â”€â”€â”€â”€â”€â”€â”€â”€â”€â”€â”€â”€ Task Completion â”€â”€â”€â”€â”€â”€â”€â”€â”€â”€â”€â”€â”€â”€â”€â”€â”€â”€â”€â”€â”€â”€â”€â”€â”€â”€â”€â”€â”€â”€â”€â•®
â”‚                                                                              â”‚
â”‚  Task Completed                                                              â”‚
â”‚  Name: 8c66441b-1461-4ebf-97ef-72fafe1621d1                                  â”‚
â”‚  Agent: Story Architect & Narrative Designer                                 â”‚
â”‚  Tool Args:                                                                  â”‚
â”‚                                                                              â”‚
â”‚                                                                              â”‚
â•°â”€â”€â”€â”€â”€â”€â”€â”€â”€â”€â”€â”€â”€â”€â”€â”€â”€â”€â”€â”€â”€â”€â”€â”€â”€â”€â”€â”€â”€â”€â”€â”€â”€â”€â”€â”€â”€â”€â”€â”€â”€â”€â”€â”€â”€â”€â”€â”€â”€â”€â”€â”€â”€â”€â”€â”€â”€â”€â”€â”€â”€â”€â”€â”€â”€â”€â”€â”€â”€â”€â”€â”€â”€â”€â”€â”€â”€â”€â•¯

âœ“ Story arc created (5608 characters)

Story Preview:
In the science fiction novel, "Echoes of Eternity," humanity has colonized several planets in the distant reaches of the galaxy. The story follows Captain Jaxon Lee, a skilled space explorer, as he uncovers a mysterious alien artifact that holds the key to unlocking the secrets of the universe. The artifact, known as the "Eternity Crystal," has the power to manipulate time and space, and Jaxon soon discovers that he is not the only one searching for it.

**Overall Story Premise and Themes:**
The...

â•­â”€â”€â”€â”€â”€â”€â”€â”€â”€â”€â”€â”€â”€â”€â”€â”€â”€â”€â”€â”€â”€â”€â”€â”€â”€â”€â”€â”€â”€â”€ Crew Completion â”€â”€â”€â”€â”€â”€â”€â”€â”€â”€â”€â”€â”€â”€â”€â”€â”€â”€â”€â”€â”€â”€â”€â”€â”€â”€â”€â”€â”€â”€â”€â•®
â”‚                                                                              â”‚
â”‚  Crew Execution Completed                                                    â”‚
â”‚  Name: crew                                                                  â”‚
â”‚  ID: 0d96526f-4ed5-4044-88e0-43f8bc21da94                                    â”‚
â”‚  Tool Args:                                                                  â”‚
â”‚  Final Output: In the science fiction novel, "Echoes of Eternity," humanity  â”‚
â”‚  has colonized several planets in the distant reaches of the galaxy. The     â”‚
â”‚  story follows Captain Jaxon Lee, a skilled space explorer, as he uncovers   â”‚
â”‚  a mysterious alien artifact that holds the key to unlocking the secrets of  â”‚
â”‚  the universe. The artifact, known as the "Eternity Crystal," has the power  â”‚
â”‚  to manipulate time and space, and Jaxon soon discovers that he is not the   â”‚
â”‚  only one searching for it.                                                  â”‚
â”‚                                                                              â”‚
â”‚  **Overall Story Premise and Themes:**                                       â”‚
â”‚  The novel explores the themes of time, space, and the consequences of       â”‚
â”‚  playing with the fundamental fabric of the universe. As Jaxon navigates     â”‚
â”‚  the complexities of the Eternity Crystal, he must confront his own          â”‚
â”‚  mortality and the true nature of reality. The story raises questions about  â”‚
â”‚  the responsibility that comes with advanced technology and the dangers of   â”‚
â”‚  unchecked power.                                                            â”‚
â”‚                                                                              â”‚
â”‚  **Character Arcs:**                                                         â”‚
â”‚                                                                              â”‚
â”‚  * **Protagonist (Captain Jaxon Lee):** Jaxon begins as a confident and      â”‚
â”‚  skilled space explorer, but as he delves deeper into the mysteries of the   â”‚
â”‚  Eternity Crystal, he is forced to confront his own limitations and the      â”‚
â”‚  consequences of his actions. Throughout the novel, Jaxon undergoes a        â”‚
â”‚  significant character arc, transforming from a self-centered individual to  â”‚
â”‚  a hero who puts the needs of others before his own.                         â”‚
â”‚  * **Antagonist (Commander Sarah Patel):** Commander Patel is a ruthless     â”‚
â”‚  and cunning military officer who will stop at nothing to claim the          â”‚
â”‚  Eternity Crystal for herself. Her motivation stems from a desire to use     â”‚
â”‚  the crystal's power to prevent a catastrophic event that will destroy       â”‚
â”‚  entire galaxies. As the story progresses, Patel's true intentions are       â”‚
â”‚  revealed, and Jaxon must confront the moral implications of her actions.    â”‚
â”‚  * **Supporting Characters:**                                                â”‚
â”‚          + **Dr. Sophia Rodriguez:** A brilliant scientist who helps Jaxon   â”‚
â”‚  understand the properties of the Eternity Crystal. Sophia's character arc   â”‚
â”‚  revolves around her growing unease with the crystal's power and her         â”‚
â”‚  ultimate decision to help Jaxon stop Commander Patel.                       â”‚
â”‚          + **Lieutenant Tom Bradley:** A young and ambitious pilot who       â”‚
â”‚  becomes Jaxon's ally in the quest to stop Commander Patel. Tom's character  â”‚
â”‚  arc focuses on his growth from a novice pilot to a confident and skilled    â”‚
â”‚  officer.                                                                    â”‚
â”‚          + **Ambassador Zorvath:** A mysterious alien diplomat who           â”‚
â”‚  possesses knowledge about the Eternity Crystal and its origins. Zorvath's   â”‚
â”‚  character arc involves his gradual reveal of the crystal's secrets and his  â”‚
â”‚  ultimate role in the story's conclusion.                                    â”‚
â”‚                                                                              â”‚
â”‚  **Key Plot Points for Each Act:**                                           â”‚
â”‚                                                                              â”‚
â”‚  * **Act 1 (Chapters 1-3):**                                                 â”‚
â”‚          + Introduction to Captain Jaxon Lee and his crew                    â”‚
â”‚          + Discovery of the Eternity Crystal on a remote planet              â”‚
â”‚          + Initial confrontation with Commander Patel and her team           â”‚
â”‚  * **Act 2 (Chapters 4-6):**                                                 â”‚
â”‚          + Jaxon and his crew escape from Commander Patel's forces           â”‚
â”‚          + They meet Dr. Sophia Rodriguez, who helps them understand the     â”‚
â”‚  crystal's properties                                                        â”‚
â”‚          + Lieutenant Tom Bradley joins Jaxon's crew, and they embark on a   â”‚
â”‚  perilous journey to stop Commander Patel                                    â”‚
â”‚  * **Act 3 (Chapters 7-10):**                                                â”‚
â”‚          + Jaxon and his crew launch a final assault on Commander Patel's    â”‚
â”‚  ship                                                                        â”‚
â”‚          + Ambassador Zorvath reveals the truth about the Eternity Crystal   â”‚
â”‚  and its origins                                                             â”‚
â”‚          + Jaxon confronts Commander Patel in a climactic battle, and the    â”‚
â”‚  fate of the galaxy is decided                                               â”‚
â”‚                                                                              â”‚
â”‚  **Chapter-by-Chapter Progression:**                                         â”‚
â”‚                                                                              â”‚
â”‚  * **Chapter 1:** Introduction to Captain Jaxon Lee and his crew as they     â”‚
â”‚  explore a remote planet.                                                    â”‚
â”‚  * **Chapter 2:** The crew discovers the Eternity Crystal, and Commander     â”‚
â”‚  Patel's team arrives to claim it.                                           â”‚
â”‚  * **Chapter 3:** Jaxon and his crew escape from Commander Patel's forces,   â”‚
â”‚  but not without sustaining significant damage to their ship.                â”‚
â”‚  * **Chapter 4:** Jaxon meets Dr. Sophia Rodriguez, who begins to unravel    â”‚
â”‚  the secrets of the Eternity Crystal.                                        â”‚
â”‚  * **Chapter 5:** Lieutenant Tom Bradley joins Jaxon's crew, and they        â”‚
â”‚  embark on a perilous journey to stop Commander Patel.                       â”‚
â”‚  * **Chapter 6:** Jaxon and his crew encounter numerous obstacles,           â”‚
â”‚  including treacherous asteroid fields and hostile alien creatures.          â”‚
â”‚  * **Chapter 7:** Ambassador Zorvath reveals the truth about the Eternity    â”‚
â”‚  Crystal and its origins, and Jaxon begins to understand the true nature of  â”‚
â”‚  the artifact.                                                               â”‚
â”‚  * **Chapter 8:** Jaxon and his crew launch a final assault on Commander     â”‚
â”‚  Patel's ship, but they are met with fierce resistance.                      â”‚
â”‚  * **Chapter 9:** Jaxon confronts Commander Patel in a climactic battle,     â”‚
â”‚  and the fate of the galaxy hangs in the balance.                            â”‚
â”‚  * **Chapter 10:** The aftermath of the battle is revealed, and Jaxon must   â”‚
â”‚  come to terms with the consequences of his actions. The novel concludes     â”‚
â”‚  with a sense of closure and a new beginning for the characters.             â”‚
â”‚                                                                              â”‚
â”‚  **Thematic Elements:**                                                      â”‚
â”‚                                                                              â”‚
â”‚  * **Time and Space:** The Eternity Crystal's power to manipulate time and   â”‚
â”‚  space raises questions about the nature of reality and the consequences of  â”‚
â”‚  playing with the fundamental fabric of the universe.                        â”‚
â”‚  * **Power and Responsibility:** Commander Patel's ruthless pursuit of the   â”‚
â”‚  Eternity Crystal serves as a cautionary tale about the dangers of           â”‚
â”‚  unchecked power and the importance of responsibility.                       â”‚
â”‚  * **Mortality and Legacy:** Jaxon's character arc involves his              â”‚
â”‚  confrontation with his own mortality and the true nature of reality,        â”‚
â”‚  leading him to reevaluate his priorities and consider the legacy he wants   â”‚
â”‚  to leave behind.                                                            â”‚
â”‚                                                                              â”‚
â”‚  The story arc of "Echoes of Eternity" is a complete and compelling          â”‚
â”‚  narrative that explores the themes of time, space, and power. The           â”‚
â”‚  character arcs of Jaxon, Commander Patel, and the supporting characters     â”‚
â”‚  drive the plot forward, and the rising tension and stakes throughout the    â”‚
â”‚  novel culminate in a satisfying conclusion.                                 â”‚
â”‚                                                                              â”‚
â”‚                                                                              â”‚
â•°â”€â”€â”€â”€â”€â”€â”€â”€â”€â”€â”€â”€â”€â”€â”€â”€â”€â”€â”€â”€â”€â”€â”€â”€â”€â”€â”€â”€â”€â”€â”€â”€â”€â”€â”€â”€â”€â”€â”€â”€â”€â”€â”€â”€â”€â”€â”€â”€â”€â”€â”€â”€â”€â”€â”€â”€â”€â”€â”€â”€â”€â”€â”€â”€â”€â”€â”€â”€â”€â”€â”€â”€â”€â”€â”€â”€â”€â”€â•¯

2025-11-07 15:22:48,040 - INFO - Load pretrained SentenceTransformer: all-MiniLM-L6-v2
2025-11-07 15:22:49,289 - INFO - Initialized 6 collections
2025-11-07 15:22:49,289 - INFO - VectorStoreManager initialized with ChromaDB at knowledge_base
2025-11-07 15:22:49,289 - INFO - RAGSyncManager initialized
2025-11-07 15:22:49,289 - INFO - AutoSyncYw7File initialized for output/ten_chapter_novel.yw7 (auto_sync=True)
2025-11-07 15:22:49,293 - INFO - Wrote changes to output/ten_chapter_novel.yw7
2025-11-07 15:22:49,293 - INFO - Syncing output/ten_chapter_novel.yw7 to RAG system...
2025-11-07 15:22:49,293 - INFO - Starting sync from yWriter7: output/ten_chapter_novel.yw7
2025-11-07 15:22:49,294 - INFO - Sync completed: {'characters': 0, 'locations': 0, 'items': 0, 'plot_events': 0, 'relationships': 0}
2025-11-07 15:22:49,294 - INFO - RAG sync completed: 0 items synced

================================================================================
STEP 2: Character Creation with Bio/Notes/Goals/AKA
================================================================================
Running Character Creator...
2025-11-07 15:22:49,315 - WARNING - Error initializing trace batch: HTTPSConnectionPool(host='app.crewai.com', port=443): Max retries exceeded with url: /crewai_plus/api/v1/tracing/ephemeral/batches (Caused by NameResolutionError("<urllib3.connection.HTTPSConnection object at 0x7eb072bab350>: Failed to resolve 'app.crewai.com' ([Errno -3] Temporary failure in name resolution)")). Continuing without tracing.
â•­â”€â”€â”€â”€â”€â”€â”€â”€â”€â”€â”€â”€â”€â”€â”€â”€â”€â”€â”€â”€â”€â”€â”€â”€â”€â”€â”€ Crew Execution Started â”€â”€â”€â”€â”€â”€â”€â”€â”€â”€â”€â”€â”€â”€â”€â”€â”€â”€â”€â”€â”€â”€â”€â”€â”€â”€â”€â•®
â”‚                                                                              â”‚
â”‚  Crew Execution Started                                                      â”‚
â”‚  Name: crew                                                                  â”‚
â”‚  ID: 6b912d86-81b6-4bd9-8d64-d742d1ff569c                                    â”‚
â”‚  Tool Args:                                                                  â”‚
â”‚                                                                              â”‚
â”‚                                                                              â”‚
â•°â”€â”€â”€â”€â”€â”€â”€â”€â”€â”€â”€â”€â”€â”€â”€â”€â”€â”€â”€â”€â”€â”€â”€â”€â”€â”€â”€â”€â”€â”€â”€â”€â”€â”€â”€â”€â”€â”€â”€â”€â”€â”€â”€â”€â”€â”€â”€â”€â”€â”€â”€â”€â”€â”€â”€â”€â”€â”€â”€â”€â”€â”€â”€â”€â”€â”€â”€â”€â”€â”€â”€â”€â”€â”€â”€â”€â”€â”€â•¯

[92m15:22:49 - LiteLLM:INFO[0m: utils.py:3421 - 
LiteLLM completion() model= llama-3.3-70b-versatile; provider = groq
2025-11-07 15:22:49,327 - INFO - 
LiteLLM completion() model= llama-3.3-70b-versatile; provider = groq
ðŸš€ Crew: crew
â””â”€â”€ ðŸ“‹ Task: 6c5cbae1-91b1-4a5b-940a-3988d3387cbb
    Status: Executing Task...
    â””â”€â”€ ðŸ§  Thinking...â•­â”€â”€â”€â”€â”€â”€â”€â”€â”€â”€â”€â”€â”€â”€â”€â”€â”€â”€â”€â”€â”€â”€â”€â”€â”€â”€â”€â”€â”€â”€ ðŸ¤– Agent Started â”€â”€â”€â”€â”€â”€â”€â”€â”€â”€â”€â”€â”€â”€â”€â”€â”€â”€â”€â”€â”€â”€â”€â”€â”€â”€â”€â”€â”€â”€â•®
â”‚                                                                              â”‚
â”‚  Agent: Character Development Specialist                                     â”‚
â”‚                                                                              â”‚
â”‚  Task: Based on the story arc, create 4-5 detailed character profiles:       â”‚
â”‚                                                                              â”‚
â”‚          Story Context:                                                      â”‚
â”‚          In the science fiction novel, "Echoes of Eternity," humanity has    â”‚
â”‚  colonized several planets in the distant reaches of the galaxy. The story   â”‚
â”‚  follows Captain Jaxon Lee, a skilled space explorer, as he uncovers a       â”‚
â”‚  mysterious alien artifact that holds the key to unlocking the secrets of    â”‚
â”‚  the universe. The artifact, known as the "Eternity Crystal," has the power  â”‚
â”‚  to manipulate time and space, and Jaxon soon discovers that he is not the   â”‚
â”‚  only one searching for it.                                                  â”‚
â”‚                                                                              â”‚
â”‚  **Overall Story Premise and Themes:**                                       â”‚
â”‚  The novel explores the themes of time, space, and the consequences of       â”‚
â”‚  playing with the fundamental fabric of the universe. As Jaxon navigates     â”‚
â”‚  the complexities of the Eternity Crystal, he must confront his own          â”‚
â”‚  mortality and the true nature of reality. The story raises questions about  â”‚
â”‚  the responsibility that comes with advanced technology and the dangers of   â”‚
â”‚  unchecked power.                                                            â”‚
â”‚                                                                              â”‚
â”‚  **Character Arcs:**                                                         â”‚
â”‚                                                                              â”‚
â”‚  * **Protagonist (Captain Jaxon Lee):** Jaxon begins as a confident and      â”‚
â”‚  skilled space explorer, but as he delves deeper into the mysteries of the   â”‚
â”‚  Eternity Crystal, he is forced to confront his own limitations and the      â”‚
â”‚  consequences of his actions. Throughout the novel, Jaxon undergoes a        â”‚
â”‚  significant character arc, transforming from a self-centered individual to  â”‚
â”‚  a hero who puts the needs of others before his own.                         â”‚
â”‚  * **Antagonist (Commander Sarah Patel):** Commander Patel is a ruthless     â”‚
â”‚  and cunning military officer who will stop at nothing to claim the          â”‚
â”‚  Eternity Crystal for herself. Her motivation stems from                     â”‚
â”‚                                                                              â”‚
â”‚          Create characters with:                                             â”‚
â”‚          - Full names and physical descriptions                              â”‚
â”‚          - Detailed backstories and motivations                              â”‚
â”‚          - Character arcs showing development                                â”‚
â”‚          - Relationships with other characters                               â”‚
â”‚          - Nicknames or alternate names (AKA)                                â”‚
â”‚          - Clear story goals                                                 â”‚
â”‚          - Major vs minor character designation                              â”‚
â”‚                                                                              â”‚
â”‚          Format as structured data:                                          â”‚
â”‚          CHARACTER: [name]                                                   â”‚
â”‚          FULLNAME: [full name]                                               â”‚
â”‚          AKA: [nicknames, alternate names]                                   â”‚
â”‚          DESC: [brief description]                                           â”‚
â”‚          BIO: [detailed biography, background, personality]                  â”‚
â”‚          NOTES: [character development notes, arc notes]                     â”‚
â”‚          GOALS: [what the character wants to achieve in the story]           â”‚
â”‚          MAJOR: [YES or NO]                                                  â”‚
â”‚          ---                                                                 â”‚
â”‚                                                                              â”‚
â•°â”€â”€â”€â”€â”€â”€â”€â”€â”€â”€â”€â”€â”€â”€â”€â”€â”€â”€â”€â”€â”€â”€â”€â”€â”€â”€â”€â”€â”€â”€â”€â”€â”€â”€â”€â”€â”€â”€â”€â”€â”€â”€â”€â”€â”€â”€â”€â”€â”€â”€â”€â”€â”€â”€â”€â”€â”€â”€â”€â”€â”€â”€â”€â”€â”€â”€â”€â”€â”€â”€â”€â”€â”€â”€â”€â”€â”€â”€â•¯


[92m15:22:53 - LiteLLM:INFO[0m: utils.py:1302 - Wrapper: Completed Call, calling success_handler
2025-11-07 15:22:53,200 - INFO - Wrapper: Completed Call, calling success_handler
2025-11-07 15:22:53,245 - INFO - Initialized 6 collections
2025-11-07 15:22:53,245 - INFO - VectorStoreManager initialized with ChromaDB at knowledge_base
Batches:   0%|          | 0/1 [00:00<?, ?it/s]Batches: 100%|â–ˆâ–ˆâ–ˆâ–ˆâ–ˆâ–ˆâ–ˆâ–ˆâ–ˆâ–ˆ| 1/1 [00:00<00:00, 44.85it/s]
2025-11-07 15:22:53,322 - INFO - Rate limit approaching for groq/llama-3.3-70b-versatile. Waiting 39.81s...
ðŸš€ Crew: crew
â””â”€â”€ ðŸ“‹ Task: 6c5cbae1-91b1-4a5b-940a-3988d3387cbb
    Status: Executing Task...
    â”œâ”€â”€ ðŸ”§ Used Semantic Character Search (1)
    â””â”€â”€ ðŸ§  Thinking...â•­â”€â”€â”€â”€â”€â”€â”€â”€â”€â”€â”€â”€â”€â”€â”€â”€â”€â”€â”€â”€â”€â”€â”€â”€â”€â”€ ðŸ”§ Agent Tool Execution â”€â”€â”€â”€â”€â”€â”€â”€â”€â”€â”€â”€â”€â”€â”€â”€â”€â”€â”€â”€â”€â”€â”€â”€â”€â”€â”€â•®
â”‚                                                                              â”‚
â”‚  Agent: Character Development Specialist                                     â”‚
â”‚                                                                              â”‚
â”‚  Thought: Thought: To create detailed character profiles, I need to start    â”‚
â”‚  by identifying the main characters in the story. I'll use the Semantic      â”‚
â”‚  Character Search tool to find the protagonist and antagonist, and then use  â”‚
â”‚  the Get Character Details tool to gather more information about them.       â”‚
â”‚                                                                              â”‚
â”‚  Using Tool: Semantic Character Search                                       â”‚
â”‚                                                                              â”‚
â•°â”€â”€â”€â”€â”€â”€â”€â”€â”€â”€â”€â”€â”€â”€â”€â”€â”€â”€â”€â”€â”€â”€â”€â”€â”€â”€â”€â”€â”€â”€â”€â”€â”€â”€â”€â”€â”€â”€â”€â”€â”€â”€â”€â”€â”€â”€â”€â”€â”€â”€â”€â”€â”€â”€â”€â”€â”€â”€â”€â”€â”€â”€â”€â”€â”€â”€â”€â”€â”€â”€â”€â”€â”€â”€â”€â”€â”€â”€â•¯
â•­â”€â”€â”€â”€â”€â”€â”€â”€â”€â”€â”€â”€â”€â”€â”€â”€â”€â”€â”€â”€â”€â”€â”€â”€â”€â”€â”€â”€â”€â”€â”€â”€â”€ Tool Input â”€â”€â”€â”€â”€â”€â”€â”€â”€â”€â”€â”€â”€â”€â”€â”€â”€â”€â”€â”€â”€â”€â”€â”€â”€â”€â”€â”€â”€â”€â”€â”€â”€â•®
â”‚                                                                              â”‚
â”‚  {                                                                           â”‚
â”‚    "query": "main protagonist",                                              â”‚
â”‚    "top_k": 1                                                                â”‚
â”‚  }                                                                           â”‚
â”‚                                                                              â”‚
â•°â”€â”€â”€â”€â”€â”€â”€â”€â”€â”€â”€â”€â”€â”€â”€â”€â”€â”€â”€â”€â”€â”€â”€â”€â”€â”€â”€â”€â”€â”€â”€â”€â”€â”€â”€â”€â”€â”€â”€â”€â”€â”€â”€â”€â”€â”€â”€â”€â”€â”€â”€â”€â”€â”€â”€â”€â”€â”€â”€â”€â”€â”€â”€â”€â”€â”€â”€â”€â”€â”€â”€â”€â”€â”€â”€â”€â”€â”€â•¯
â•­â”€â”€â”€â”€â”€â”€â”€â”€â”€â”€â”€â”€â”€â”€â”€â”€â”€â”€â”€â”€â”€â”€â”€â”€â”€â”€â”€â”€â”€â”€â”€â”€ Tool Output â”€â”€â”€â”€â”€â”€â”€â”€â”€â”€â”€â”€â”€â”€â”€â”€â”€â”€â”€â”€â”€â”€â”€â”€â”€â”€â”€â”€â”€â”€â”€â”€â”€â•®
â”‚                                                                              â”‚
â”‚  {                                                                           â”‚
â”‚    "name": "Bob",                                                            â”‚
â”‚    "type": "Major",                                                          â”‚
â”‚    "relevance_score": 0.418,                                                 â”‚
â”‚    "details": "Name: Bob\n\nFull Name: Bob the Brave\n\nDescription: A       â”‚
â”‚  strong warrior with dark hair and green eyes\n\nBiography: Bob is Alice's   â”‚
â”‚  childhood friend and protector. He is loyal and skilled in                  â”‚
â”‚  combat.\n\nGoals: To protect Alice and prove his worth\n\nCharacter Type:   â”‚
â”‚  Major Character"                                                            â”‚
â”‚  }                                                                           â”‚
â”‚                                                                              â”‚
â•°â”€â”€â”€â”€â”€â”€â”€â”€â”€â”€â”€â”€â”€â”€â”€â”€â”€â”€â”€â”€â”€â”€â”€â”€â”€â”€â”€â”€â”€â”€â”€â”€â”€â”€â”€â”€â”€â”€â”€â”€â”€â”€â”€â”€â”€â”€â”€â”€â”€â”€â”€â”€â”€â”€â”€â”€â”€â”€â”€â”€â”€â”€â”€â”€â”€â”€â”€â”€â”€â”€â”€â”€â”€â”€â”€â”€â”€â”€â•¯

[92m15:23:33 - LiteLLM:INFO[0m: utils.py:3421 - 
LiteLLM completion() model= llama-3.3-70b-versatile; provider = groq
2025-11-07 15:23:33,131 - INFO - 
LiteLLM completion() model= llama-3.3-70b-versatile; provider = groq
[92m15:23:37 - LiteLLM:INFO[0m: utils.py:1302 - Wrapper: Completed Call, calling success_handler
2025-11-07 15:23:37,645 - INFO - Wrapper: Completed Call, calling success_handler
Batches:   0%|          | 0/1 [00:00<?, ?it/s]Batches: 100%|â–ˆâ–ˆâ–ˆâ–ˆâ–ˆâ–ˆâ–ˆâ–ˆâ–ˆâ–ˆ| 1/1 [00:00<00:00, 57.68it/s]
2025-11-07 15:23:37,682 - INFO - Rate limit approaching for groq/llama-3.3-70b-versatile. Waiting 16.63s...
ðŸš€ Crew: crew
â””â”€â”€ ðŸ“‹ Task: 6c5cbae1-91b1-4a5b-940a-3988d3387cbb
    Status: Executing Task...
    â”œâ”€â”€ ðŸ”§ Used Semantic Character Search (1)
    â”œâ”€â”€ ðŸ”§ Used Get Character Details (1)
    â””â”€â”€ ðŸ§  Thinking...â•­â”€â”€â”€â”€â”€â”€â”€â”€â”€â”€â”€â”€â”€â”€â”€â”€â”€â”€â”€â”€â”€â”€â”€â”€â”€â”€ ðŸ”§ Agent Tool Execution â”€â”€â”€â”€â”€â”€â”€â”€â”€â”€â”€â”€â”€â”€â”€â”€â”€â”€â”€â”€â”€â”€â”€â”€â”€â”€â”€â•®
â”‚                                                                              â”‚
â”‚  Agent: Character Development Specialist                                     â”‚
â”‚                                                                              â”‚
â”‚  Thought: However, based on the context provided the main protagonist is     â”‚
â”‚  actually Captain Jaxon Lee.                                                 â”‚
â”‚  Thought: Now that I have identified the main protagonist, I can use the     â”‚
â”‚  Get Character Details tool to gather more information about him.            â”‚
â”‚                                                                              â”‚
â”‚  Using Tool: Get Character Details                                           â”‚
â”‚                                                                              â”‚
â•°â”€â”€â”€â”€â”€â”€â”€â”€â”€â”€â”€â”€â”€â”€â”€â”€â”€â”€â”€â”€â”€â”€â”€â”€â”€â”€â”€â”€â”€â”€â”€â”€â”€â”€â”€â”€â”€â”€â”€â”€â”€â”€â”€â”€â”€â”€â”€â”€â”€â”€â”€â”€â”€â”€â”€â”€â”€â”€â”€â”€â”€â”€â”€â”€â”€â”€â”€â”€â”€â”€â”€â”€â”€â”€â”€â”€â”€â”€â•¯
â•­â”€â”€â”€â”€â”€â”€â”€â”€â”€â”€â”€â”€â”€â”€â”€â”€â”€â”€â”€â”€â”€â”€â”€â”€â”€â”€â”€â”€â”€â”€â”€â”€â”€ Tool Input â”€â”€â”€â”€â”€â”€â”€â”€â”€â”€â”€â”€â”€â”€â”€â”€â”€â”€â”€â”€â”€â”€â”€â”€â”€â”€â”€â”€â”€â”€â”€â”€â”€â•®
â”‚                                                                              â”‚
â”‚  {                                                                           â”‚
â”‚    "character_name": "Captain Jaxon Lee"                                     â”‚
â”‚  }                                                                           â”‚
â”‚                                                                              â”‚
â•°â”€â”€â”€â”€â”€â”€â”€â”€â”€â”€â”€â”€â”€â”€â”€â”€â”€â”€â”€â”€â”€â”€â”€â”€â”€â”€â”€â”€â”€â”€â”€â”€â”€â”€â”€â”€â”€â”€â”€â”€â”€â”€â”€â”€â”€â”€â”€â”€â”€â”€â”€â”€â”€â”€â”€â”€â”€â”€â”€â”€â”€â”€â”€â”€â”€â”€â”€â”€â”€â”€â”€â”€â”€â”€â”€â”€â”€â”€â•¯

â•­â”€â”€â”€â”€â”€â”€â”€â”€â”€â”€â”€â”€â”€â”€â”€â”€â”€â”€â”€â”€â”€â”€â”€â”€â”€â”€â”€â”€â”€â”€â”€â”€ Tool Output â”€â”€â”€â”€â”€â”€â”€â”€â”€â”€â”€â”€â”€â”€â”€â”€â”€â”€â”€â”€â”€â”€â”€â”€â”€â”€â”€â”€â”€â”€â”€â”€â”€â•®
â”‚                                                                              â”‚
â”‚  Character: Bob                                                              â”‚
â”‚                                                                              â”‚
â”‚  Name: Bob                                                                   â”‚
â”‚                                                                              â”‚
â”‚  Full Name: Bob the Brave                                                    â”‚
â”‚                                                                              â”‚
â”‚  Description: A strong warrior with dark hair and green eyes                 â”‚
â”‚                                                                              â”‚
â”‚  Biography: Bob is Alice's childhood friend and protector. He is loyal and   â”‚
â”‚  skilled in combat.                                                          â”‚
â”‚                                                                              â”‚
â”‚  Goals: To protect Alice and prove his worth                                 â”‚
â”‚                                                                              â”‚
â”‚  Character Type: Major Character                                             â”‚
â”‚                                                                              â”‚
â•°â”€â”€â”€â”€â”€â”€â”€â”€â”€â”€â”€â”€â”€â”€â”€â”€â”€â”€â”€â”€â”€â”€â”€â”€â”€â”€â”€â”€â”€â”€â”€â”€â”€â”€â”€â”€â”€â”€â”€â”€â”€â”€â”€â”€â”€â”€â”€â”€â”€â”€â”€â”€â”€â”€â”€â”€â”€â”€â”€â”€â”€â”€â”€â”€â”€â”€â”€â”€â”€â”€â”€â”€â”€â”€â”€â”€â”€â”€â•¯

[92m15:23:54 - LiteLLM:INFO[0m: utils.py:3421 - 
LiteLLM completion() model= llama-3.3-70b-versatile; provider = groq
2025-11-07 15:23:54,309 - INFO - 
LiteLLM completion() model= llama-3.3-70b-versatile; provider = groq
2025-11-07 15:23:54,430 - WARNING - Rate limit hit for groq. Backing off for 4.66s (multiplier: 2.0x)
2025-11-07 15:23:54,430 - WARNING - Rate limit hit for groq/llama-3.3-70b-versatile. Retry 1/5 after 4.66s
[92m15:23:59 - LiteLLM:INFO[0m: utils.py:3421 - 
LiteLLM completion() model= llama-3.3-70b-versatile; provider = groq
2025-11-07 15:23:59,091 - INFO - 
LiteLLM completion() model= llama-3.3-70b-versatile; provider = groq
2025-11-07 15:23:59,162 - WARNING - Rate limit hit for groq. Backing off for 8.39s (multiplier: 4.0x)
2025-11-07 15:23:59,163 - WARNING - Rate limit hit for groq/llama-3.3-70b-versatile. Retry 2/5 after 8.39s
[92m15:24:07 - LiteLLM:INFO[0m: utils.py:3421 - 
LiteLLM completion() model= llama-3.3-70b-versatile; provider = groq
2025-11-07 15:24:07,559 - INFO - 
LiteLLM completion() model= llama-3.3-70b-versatile; provider = groq
2025-11-07 15:24:07,667 - WARNING - Rate limit hit for groq. Backing off for 18.95s (multiplier: 8.0x)
2025-11-07 15:24:07,667 - WARNING - Rate limit hit for groq/llama-3.3-70b-versatile. Retry 3/5 after 18.95s
[92m15:24:26 - LiteLLM:INFO[0m: utils.py:3421 - 
LiteLLM completion() model= llama-3.3-70b-versatile; provider = groq
2025-11-07 15:24:26,614 - INFO - 
LiteLLM completion() model= llama-3.3-70b-versatile; provider = groq
2025-11-07 15:24:26,690 - WARNING - Rate limit hit for groq. Backing off for 33.13s (multiplier: 16.0x)
2025-11-07 15:24:26,691 - WARNING - Rate limit hit for groq/llama-3.3-70b-versatile. Retry 4/5 after 33.13s
[92m15:24:59 - LiteLLM:INFO[0m: utils.py:3421 - 
LiteLLM completion() model= llama-3.3-70b-versatile; provider = groq
2025-11-07 15:24:59,825 - INFO - 
LiteLLM completion() model= llama-3.3-70b-versatile; provider = groq
2025-11-07 15:25:00,035 - ERROR - Max retries (5) exceeded for groq/llama-3.3-70b-versatile
Traceback (most recent call last):
  File "/usr/local/lib/python3.11/dist-packages/litellm/llms/custom_httpx/llm_http_handler.py", line 190, in _make_common_sync_call
    response = sync_httpx_client.post(âŒ Crew: crew
â””â”€â”€ ðŸ“‹ Task: 6c5cbae1-91b1-4a5b-940a-3988d3387cbb
    Assigned to: Character Development Specialist
    Status: âŒ Failed
    â”œâ”€â”€ ðŸ”§ Used Semantic Character Search (1)
    â”œâ”€â”€ ðŸ”§ Used Get Character Details (1)
    â””â”€â”€ âŒ LLM Failed
   â•­â”€â”€â”€â”€â”€â”€â”€â”€â”€â”€â”€â”€â”€â”€â”€â”€â”€â”€â”€â”€â”€â”€â”€â”€â”€â”€â”€â”€â”€â”€â”€â”€ Crew Failure â”€â”€â”€â”€â”€â”€â”€â”€â”€â”€â”€â”€â”€â”€â”€â”€â”€â”€â”€â”€â”€â”€â”€â”€â”€â”€â”€â”€â”€â”€â”€â”€â•®
â”‚                                                                              â”‚
â”‚  Crew Execution Failed                                                       â”‚
â”‚  Name: crew                                                                  â”‚
â”‚  ID: 6b912d86-81b6-4bd9-8d64-d742d1ff569c                                    â”‚
â”‚  Tool Args:                                                                  â”‚
â”‚  Final Output:                                                               â”‚
â”‚                                                                              â”‚
â”‚                                                                              â”‚
â•°â”€â”€â”€â”€â”€â”€â”€â”€â”€â”€â”€â”€â”€â”€â”€â”€â”€â”€â”€â”€â”€â”€â”€â”€â”€â”€â”€â”€â”€â”€â”€â”€â”€â”€â”€â”€â”€â”€â”€â”€â”€â”€â”€â”€â”€â”€â”€â”€â”€â”€â”€â”€â”€â”€â”€â”€â”€â”€â”€â”€â”€â”€â”€â”€â”€â”€â”€â”€â”€â”€â”€â”€â”€â”€â”€â”€â”€â”€â•¯
   â•­â”€â”€â”€â”€â”€â”€â”€â”€â”€â”€â”€â”€â”€â”€â”€â”€â”€â”€â”€â”€â”€â”€â”€â”€â”€â”€â”€â”€â”€â”€â”€â”€â”€ LLM Error â”€â”€â”€â”€â”€â”€â”€â”€â”€â”€â”€â”€â”€â”€â”€â”€â”€â”€â”€â”€â”€â”€â”€â”€â”€â”€â”€â”€â”€â”€â”€â”€â”€â”€â•®
â”‚                                                                              â”‚
â”‚  âŒ LLM Call Failed                                                          â”‚
â”‚  Error: litellm.RateLimitError: RateLimitError: GroqException -              â”‚
â”‚  {"error":{"message":"Rate limit reached for model                           â”‚
â”‚  `llama-3.3-70b-versatile` in organization `org_01k9dyffz6fwgtatys5xxrcjw6`  â”‚
â”‚  service tier `on_demand` on tokens per day (TPD): Limit 100000, Used        â”‚
â”‚  99905, Requested 1443. Please try again in 19m24.672s. Need more tokens?    â”‚
â”‚  Upgrade to Dev Tier today at                                                â”‚
â”‚  https://console.groq.com/settings/billing","type":"tokens","code":"rate_li  â”‚
â”‚  mit_exceeded"}}                                                             â”‚
â”‚                                                                              â”‚
â”‚                                                                              â”‚
â•°â”€â”€â”€â”€â”€â”€â”€â”€â”€â”€â”€â”€â”€â”€â”€â”€â”€â”€â”€â”€â”€â”€â”€â”€â”€â”€â”€â”€â”€â”€â”€â”€â”€â”€â”€â”€â”€â”€â”€â”€â”€â”€â”€â”€â”€â”€â”€â”€â”€â”€â”€â”€â”€â”€â”€â”€â”€â”€â”€â”€â”€â”€â”€â”€â”€â”€â”€â”€â”€â”€â”€â”€â”€â”€â”€â”€â”€â”€â•¯
   
   â•­â”€â”€â”€â”€â”€â”€â”€â”€â”€â”€â”€â”€â”€â”€â”€â”€â”€â”€â”€â”€â”€â”€â”€â”€â”€â”€â”€â”€â”€â”€â”€â”€ Task Failure â”€â”€â”€â”€â”€â”€â”€â”€â”€â”€â”€â”€â”€â”€â”€â”€â”€â”€â”€â”€â”€â”€â”€â”€â”€â”€â”€â”€â”€â”€â”€â”€â•®
â”‚                                                                              â”‚
â”‚  Task Failed                                                                 â”‚
â”‚  Name: 6c5cbae1-91b1-4a5b-940a-3988d3387cbb                                  â”‚
â”‚  Agent: Character Development Specialist                                     â”‚
â”‚  Tool Args:                                                                  â”‚
â”‚                                                                              â”‚
â”‚                                                                              â”‚
â•°â”€â”€â”€â”€â”€â”€â”€â”€â”€â”€â”€â”€â”€â”€â”€â”€â”€â”€â”€â”€â”€â”€â”€â”€â”€â”€â”€â”€â”€â”€â”€â”€â”€â”€â”€â”€â”€â”€â”€â”€â”€â”€â”€â”€â”€â”€â”€â”€â”€â”€â”€â”€â”€â”€â”€â”€â”€â”€â”€â”€â”€â”€â”€â”€â”€â”€â”€â”€â”€â”€â”€â”€â”€â”€â”€â”€â”€â”€â•¯
   
^^^
^^^^^^^^^^^^^^^^^^^^
  File "/usr/local/lib/python3.11/dist-packages/litellm/llms/custom_httpx/http_handler.py", line 898, in post
    raise e
  File "/usr/local/lib/python3.11/dist-packages/litellm/llms/custom_httpx/http_handler.py", line 880, in post
    response.raise_for_status()
  File "/usr/local/lib/python3.11/dist-packages/httpx/_models.py", line 829, in raise_for_status
    raise HTTPStatusError(message, request=request, response=self)
httpx.HTTPStatusError: Client error '429 Too Many Requests' for url 'https://api.groq.com/openai/v1/chat/completions'
For more information check: https://developer.mozilla.org/en-US/docs/Web/HTTP/Status/429

During handling of the above exception, another exception occurred:

Traceback (most recent call last):
  File "/usr/local/lib/python3.11/dist-packages/litellm/main.py", line 1940, in completion
    response = base_llm_http_handler.completion(
2025-11-07 15:25:00,053 - WARNING - Error initializing trace batch: HTTPSConnectionPool(host='app.crewai.com', port=443): Max retries exceeded with url: /crewai_plus/api/v1/tracing/batches (Caused by NameResolutionError("<urllib3.connection.HTTPSConnection object at 0x7eb064194fd0>: Failed to resolve 'app.crewai.com' ([Errno -3] Temporary failure in name resolution)")). Continuing without tracing.
               ^^^^^^^^^^^^^^^^^^^^^^^^^^^^^^^^^
  File "/usr/local/lib/python3.11/dist-packages/litellm/llms/custom_httpx/llm_http_handler.py", line 493, in completion
    response = self._make_common_sync_call(
               ^^^^^^^^^^^^^^^^^^^^^^^^^^^^
  File "/usr/local/lib/python3.11/dist-packages/litellm/llms/custom_httpx/llm_http_handler.py", line 215, in _make_common_sync_call
    raise self._handle_error(e=e, provider_config=provider_config)
          ^^^^^^^^^^^^^^^^^^^^^^^^^^^^^^^^^^^^^^^^^^^^^^^^^^^^^^^^
  File "/usr/local/lib/python3.11/dist-packages/litellm/llms/custom_httpx/llm_http_handler.py", line 3517, in _handle_error
    raise provider_config.get_error_class(
litellm.llms.openai.common_utils.OpenAIError: {"error":{"message":"Rate limit reached for model `llama-3.3-70b-versatile` in organization `org_01k9dyffz6fwgtatys5xxrcjw6` service tier `on_demand` on tokens per day (TPD): Limit 100000, Used 99905, Requested 1443. Please try again in 19m24.672s. Need more tokens? Upgrade to Dev Tier today at https://console.groq.com/settings/billing","type":"tokens","code":"rate_limit_exceeded"}}


During handling of the above exception, another exception occurred:

Traceback (most recent call last):
  File "/home/user/AiBookWriter4/test_complete_workflow.py", line 697, in <module>
    test_complete_workflow()
  File "/home/user/AiBookWriter4/test_complete_workflow.py", line 193, in test_complete_workflow
    char_result = char_crew.kickoff()
                  ^^^^^^^^^^^^^^^^^^^
  File "/usr/local/lib/python3.11/dist-packages/crewai/crew.py", line 707, in kickoff
    result = self._run_sequential_process()
             ^^^^^^^^^^^^^^^^^^^^^^^^^^^^^^
  File "/usr/local/lib/python3.11/dist-packages/crewai/crew.py", line 821, in _run_sequential_process
    return self._execute_tasks(self.tasks)
           ^^^^^^^^^^^^^^^^^^^^^^^^^^^^^^^
  File "/usr/local/lib/python3.11/dist-packages/crewai/crew.py", line 927, in _execute_tasks
    task_output = task.execute_sync(
                  ^^^^^^^^^^^^^^^^^^
  File "/usr/local/lib/python3.11/dist-packages/crewai/task.py", line 458, in execute_sync
    return self._execute_core(agent, context, tools)
           ^^^^^^^^^^^^^^^^^^^^^^^^^^^^^^^^^^^^^^^^^
  File "/usr/local/lib/python3.11/dist-packages/crewai/task.py", line 585, in _execute_core
    raise e  # Re-raise the exception after emitting the event
    ^^^^^^^
  File "/usr/local/lib/python3.11/dist-packages/crewai/task.py", line 522, in _execute_core
    result = agent.execute_task(
             ^^^^^^^^^^^^^^^^^^^
  File "/usr/local/lib/python3.11/dist-packages/crewai/agent/core.py", line 502, in execute_task
    raise e
  File "/usr/local/lib/python3.11/dist-packages/crewai/agent/core.py", line 478, in execute_task
    result = self._execute_without_timeout(task_prompt, task)
             ^^^^^^^^^^^^^^^^^^^^^^^^^^^^^^^^^^^^^^^^^^^^^^^^
  File "/usr/local/lib/python3.11/dist-packages/crewai/agent/core.py", line 577, in _execute_without_timeout
    return self.agent_executor.invoke(
           ^^^^^^^^^^^^^^^^^^^^^^^^^^^
  File "/usr/local/lib/python3.11/dist-packages/crewai/agents/crew_agent_executor.py", line 180, in invoke
    formatted_answer = self._invoke_loop()
                       ^^^^^^^^^^^^^^^^^^^
  File "/usr/local/lib/python3.11/dist-packages/crewai/agents/crew_agent_executor.py", line 276, in _invoke_loop
    raise e
  File "/usr/local/lib/python3.11/dist-packages/crewai/agents/crew_agent_executor.py", line 220, in _invoke_loop
    answer = get_llm_response(
             ^^^^^^^^^^^^^^^^^
  File "/usr/local/lib/python3.11/dist-packages/crewai/utilities/agent_utils.py", line 259, in get_llm_response
    raise e
  File "/usr/local/lib/python3.11/dist-packages/crewai/utilities/agent_utils.py", line 251, in get_llm_response
    answer = llm.call(
             ^^^^^^^^^
  File "/usr/local/lib/python3.11/dist-packages/crewai/llm.py", line 1201, in call
    return self._handle_non_streaming_response(
           ^^^^^^^^^^^^^^^^^^^^^^^^^^^^^^^^^^^^
  File "/usr/local/lib/python3.11/dist-packages/crewai/llm.py", line 961, in _handle_non_streaming_response
    response = litellm.completion(**params)
               ^^^^^^^^^^^^^^^^^^^^^^^^^^^^
  File "/home/user/AiBookWriter4/config/llm_wrapper.py", line 227, in wrapped_completion
    return rate_limited_completion(model, messages, **other_kwargs)
           ^^^^^^^^^^^^^^^^^^^^^^^^^^^^^^^^^^^^^^^^^^^^^^^^^^^^^^^^
  File "/home/user/AiBookWriter4/config/llm_wrapper.py", line 125, in rate_limited_completion
    response = completion(model=model, messages=messages, **kwargs)
               ^^^^^^^^^^^^^^^^^^^^^^^^^^^^^^^^^^^^^^^^^^^^^^^^^^^^
  File "/usr/local/lib/python3.11/dist-packages/litellm/utils.py", line 1376, in wrapper
    raise e
  File "/usr/local/lib/python3.11/dist-packages/litellm/utils.py", line 1245, in wrapper
    result = original_function(*args, **kwargs)
             ^^^^^^^^^^^^^^^^^^^^^^^^^^^^^^^^^^
  File "/usr/local/lib/python3.11/dist-packages/litellm/main.py", line 3767, in completion
    raise exception_type(
          ^^^^^^^^^^^^^^^
  File "/usr/local/lib/python3.11/dist-packages/litellm/litellm_core_utils/exception_mapping_utils.py", line 2274, in exception_type
    raise e
  File "/usr/local/lib/python3.11/dist-packages/litellm/litellm_core_utils/exception_mapping_utils.py", line 331, in exception_type
    raise RateLimitError(
litellm.exceptions.RateLimitError: litellm.RateLimitError: RateLimitError: GroqException - {"error":{"message":"Rate limit reached for model `llama-3.3-70b-versatile` in organization `org_01k9dyffz6fwgtatys5xxrcjw6` service tier `on_demand` on tokens per day (TPD): Limit 100000, Used 99905, Requested 1443. Please try again in 19m24.672s. Need more tokens? Upgrade to Dev Tier today at https://console.groq.com/settings/billing","type":"tokens","code":"rate_limit_exceeded"}}

